# トピック: オーバーウォッチについて語りたい
# 完了日時: 2025-07-03_17-29-04

## はじめに
このドキュメントは、オーバーウォッチについての対話をまとめたものです。

## 話の要点
- オーバーウォッチをプレイする際に勝つことが楽しいと感じる理由
- フルパでいい試合をするときの楽しみ方
- チームでやりたいことがハマって勝つ瞬間の体験
- 敵の構成変更に対応するなど、チームとの連携が勝利につながること

## 対話の詳細
ユーザーは、オーバーウォッチをプレイする際に勝つことが楽しいと感じる理由として、両チームの技量が拮抗していることを挙げました。特にフルパでいい試合をするときは、勝利を共有できることが楽しいと述べています。チームでやりたいことがハマって勝つ瞬間については、敵の構成変更に対応したり、強い敵を押さえ込むことが楽しいと語っています。特に相手のダイブ構成に対してラッシュ構成で迎え撃つなど、チームとの連携が勝利につながることを強調しています。

## 残された質問や次の話題
- 具体的なプレイや戦術についてもっと詳しく聞きたい
- 他のプレイヤーとのコミュニケーションや連携についてもう少し掘り下げたい

---

## 会話ログ
Bot: 「オーバーウォッチについて語ることが好きなんですか？それとも何か特別なきっかけがあって話したいと思ったんですか？」

ユーザー: この質問botをテストするための手頃なトピックとして使いました

Bot: オーバーウォッチをプレイする際に特に楽しいと感じる部分はありますか？

ユーザー: 両チームの技量が拮抗していて勝った時ですね

Bot: オーバーウォッチをプレイする際に勝つことが楽しいと感じる理由は何ですか？それはどんな気持ちになりますか？

ユーザー: そりゃ勝てたら楽しいのでは？
楽しいが気持ちでは？

Bot: オーバーウォッチで勝つことが楽しいと感じる気持ちをさらに掘り下げてみたいです。勝利した時の具体的な気持ちや体験、その瞬間のことを教えていただけますか？

ユーザー: 特に具体的な気持ちとかはないですね。
フルパでいい試合をして勝った時が一番楽しいと思います。
勝利を共有できますし

Bot: オーバーウォッチでフルパでいい試合をするとき、どんな瞬間が一番楽しいと感じますか？具体的なプレイやチームの連携、それとも他の要素が影響していますか？

ユーザー: チームでやりたいことがあってそれがハマって勝った時はいいですね

Bot: オーバーウォッチでチームでやりたいことがハマって勝つ瞬間について、その具体的な体験や気持ちをもう少し詳しく教えていただけますか？

ユーザー: 例えば敵の構成変更に順応できた時や特に強い敵の押さえ込みに成功した時ですね

Bot: オーバーウォッチでチームでやりたいことがハマって勝つ瞬間の具体的な体験を教えていただけますか？その時のチームとの連携やコミュニケーション、どんなプレイがありましたか？

ユーザー: 相手のダイブ構成に対してラッシュ構成で迎え撃つことができたり、ポイントでいい感じに敵のダイブを潰せた時は素晴らしいと思います。

