# トピック: オーバーウォッチについて語りたいです
# 完了日時: 2025-07-03_18-46-01

## はじめに
このレポートは、オーバーウォッチにおけるユーザーの好きなヒーローとその理由を探ることを目的としています。特に、ライフウィーバーが選ばれた理由についての洞察を得ることを目指します。

## 話の要点
- ユーザーはライフウィーバーが強いと感じている。
- ライフウィーバーは敵のULTを回避する能力がある。
- ライフウィーバーは火力を出せるため、攻防両面で頼りになる。

## 対話の詳細
ユーザーはオーバーウォッチのヒーローの中でライフウィーバーを最も好んでいます。その理由として、ライフウィーバーの強さを挙げています。具体的には、ライフウィーバーは敵のULT（アルティメットアビリティ）をほとんど回避することができるという点が強みとして挙げられました。また、火力も出せるため、攻撃と防御の両面で非常に頼りになる存在であると感じています。このような能力は他のヒーローにはない特別な部分であり、ユーザーにとって魅力的な要素となっています。

## 残された質問や次の話題
- ライフウィーバーの強さを感じる具体的なゲームシナリオは何か？
- ライフウィーバーを使うことでユーザーがどのような感情を抱くのか？
- 他のヒーローと比較して、ライフウィーバーの特別な点は何か？

---

## 会話ログ
Bot: オーバーウォッチで一番好きなヒーローと、その理由を教えてください。

ユーザー: ライフウィーバーが好きです。強いからです。

Bot: ライフウィーバーの強さが魅力的だと感じられているんですね。それは素晴らしいです！具体的にどのような点が強いと感じますか？また、その強さが他のヒーローにはない特別な部分だとお考えですか？

ユーザー: 敵のULTをほとんど回避することができますし、火力も出せます

Bot: なるほど、ライフウィーバーの能力を活かして敵のULTを回避できるのは大きな強みですね。また、火力も出せるというのは攻防両面で頼りになる部分だと思います。具体的にどのような場面でその強さを感じることが多いですか？また、それによってプレイしている時にどんな気持ちになりますか？

