# トピック: オーバーウォッチについて語ろう
# 完了日時: 2025-07-03_17-50-49

## はじめに
オーバーウォッチというゲームが与える楽しさと苦しみ、そして継続プレイの理由について探る対話

## 話の要点
- ゲームの楽しさと苦しみのバランス
- 継続プレイの理由とは
- 1割の楽しさが与える価値

## 対話の詳細
ユーザーはオーバーウォッチをリリース当初からプレイしており、楽しいと感じる部分が1割で、苦しいと感じる部分が9割と語る。それでも辞められない理由は、1割の楽しさが何よりも代え難いからだと考えている。継続プレイの背景には、ゲームの挑戦や成長の要素が影響している可能性があり、ユーザーにとってはその1割の楽しさが与える価値が大きいと感じている。

## 残された質問や次の話題
- 楽しさと苦しみのバランスを保つためにはどのような工夫が必要か
- 他のゲームと比較して、オーバーウォッチが特に魅力的な点は何か

---

## 会話ログ
Bot: 質問: オーバーウォッチというゲームがあなたにとってどのような意味を持っていますか？そのゲームが与えてくれた楽しさや共感を教えていただけますか？

ユーザー: リリース当初からやっています。
楽しい１割苦しい９割くらいのゲームです。
正直辞めてもいいのに辞めれません。

Bot: オーバーウォッチをリリース当初からプレイしているというのは、かなりの継続力ですね。楽しいと感じる部分が1割で、苦しいと感じる部分が9割とのことですが、それでも辞められない理由は何だと思いますか？

ユーザー: １割の楽しさが何よりも代え難いからだと思います

