# トピック: ディズニーついて語りたい
# 完了日時: 2025-07-03_17-10-52

## エグゼクティブサマリー
ユーザーは幼少期からディズニーに親しんでおり、最近ではウォルトディズニーの影響を受けている。特にトイストーリーがお気に入りであり、その社会問題への投げかけや印象的なシーンに感銘を受けている。

## 主要な発見事項
- ユーザーは幼少期からディズニーに親しんでおり、ディズニーランドや映画によく触れていた
- ウォルトディズニーの世界観がユーザーに強い影響を与えている
- トイストーリーがユーザーのお気に入りであり、社会問題への投げかけが好評
- トイストーリー３のアンディの行動やシドの話に印象を受けている
- ユーザーはジブリのような物語設定を好む傾向がある

## 詳細な分析
ユーザーはディズニーの作品を通じて社会問題や大切さについて考えるきっかけを得ており、特にトイストーリーのような作品がその影響を受けている。ジブリのような物語設定が好きな点からも、感性豊かな視点を持っていると言える。

## 推奨アクション
1. ディズニーの作品を通じて得た洞察をビジネスアナリストとしての視点に活かす
2. 社会問題に対する投げかけをテーマにしたプロジェクトに参加する
3. ジブリのような物語設定を取り入れたコンテンツ制作に関わる

## 未解決の質問
- ディズニーの影響がユーザーのビジネスアナリストとしてのキャリアにどのように影響しているか
- ジブリとディズニーの作品に共通するテーマやメッセージについての考察

---

## 会話ログ
Bot: 「ディズニーについて語りたいという気持ちは、どのようなエピソードや思い出から生まれたんですか？」

ユーザー: 今は質問特化チャットボットのテストをしています。とりあえず語れそうなのでこのトピックにしました。

Bot: ディズニーに関連する特別な思い出やエピソードはありますか？

ユーザー: 幼い頃からディズニーランドに行ったり、映画をよくみていました。最近ではウォルトディズニーの世界観に強い影響を受けていると思います。

Bot: ディズニーランドでの思い出や、お気に入りのディズニー映画について教えていただけますか？

ユーザー: トイストーリーが好きです。

Bot: ディズニー映画の中で、なぜトイストーリーがお気に入りなのか教えていただけますか？

ユーザー: 普通にみても面白い映画ですし、「大量消費社会でものを大事にするという事」という社会問題に対する投げかけも行なっている良い作品だと感じています。ジブリのような物語設定ですよね

Bot: トイストーリーの中で特に印象に残っているシーンやメッセージはありますか？

ユーザー: シドの話ですかね。
トイストーリー３でアンディがおもちゃを持って行くorフリマに出さずに大切にしてくれそうな子供に譲ったのも印象的でした。

